03/01/2018 15:51:20 - CommandFactory - SUCCESS - Command 'help' has been loaded!
03/01/2018 15:51:20 - CommandFactory - SUCCESS - Command 'system' has been loaded!
03/01/2018 15:51:20 - CommandFactory - SUCCESS - Command 'teleport' has been loaded!
03/01/2018 15:51:20 - CommandFactory - SUCCESS - Command 'tospawn' has been loaded!
03/01/2018 15:51:20 - CommandFactory - SUCCESS - Command 'rtime' has been loaded!
03/01/2018 15:51:20 - CommandFactory - SUCCESS - Command 'rinfo' has been loaded!
03/01/2018 15:51:20 - CommandFactory - SUCCESS - Command 'settimeadd' has been loaded!
03/01/2018 15:51:20 - CommandFactory - SUCCESS - Command 'settime' has been loaded!
03/01/2018 15:51:20 - CommandFactory - SUCCESS - Command 'wlevel' has been loaded!
03/01/2018 15:51:20 - CommandFactory - SUCCESS - Command 'additem' has been loaded!
03/01/2018 15:51:20 - CommandFactory - SUCCESS - Command 'drop' has been loaded!
03/01/2018 15:51:21 - ServerControl - INFORMATION - Preparing drivers...
03/01/2018 15:51:21 - ServerControl - INFORMATION - Preparing driver AccessLevelDriver...
03/01/2018 15:51:24 - ServerControl - INFORMATION - Preparing driver AccountDriver...
03/01/2018 15:51:25 - ServerControl - INFORMATION - Preparing driver APIAccessDriver...
03/01/2018 15:51:25 - ServerControl - INFORMATION - Preparing driver ChannelDriver...
03/01/2018 15:51:25 - ServerControl - INFORMATION - Preparing driver CharacterDriver...
03/01/2018 15:51:25 - ServerControl - INFORMATION - Preparing driver CharacterItemDriver...
03/01/2018 15:51:25 - ServerControl - INFORMATION - Preparing driver CharacterPositionDriver...
03/01/2018 15:51:25 - ServerControl - INFORMATION - Preparing driver CharacterStyleDriver...
03/01/2018 15:51:25 - ServerControl - INFORMATION - Preparing driver DropDriver...
03/01/2018 15:51:25 - ServerControl - INFORMATION - Preparing driver ItemDriver...
03/01/2018 15:51:25 - ServerControl - INFORMATION - Preparing driver ItemTypeDriver...
03/01/2018 15:51:25 - ServerControl - INFORMATION - Preparing driver MapDriver...
03/01/2018 15:51:25 - ServerControl - INFORMATION - Preparing driver MapSpawnDriver...
03/01/2018 15:51:25 - ServerControl - INFORMATION - Preparing driver SpawnDriver...
03/01/2018 15:51:25 - ServerControl - INFORMATION - Preparing driver TreeDriver...
03/01/2018 15:51:26 - ComponentFactory - SUCCESS - Component ServerControl as been enabled!
03/01/2018 15:51:26 - ComponentFactory - SUCCESS - Component PiAuthServer as been enabled!
03/01/2018 15:51:26 - PiRPGServer - SUCCESS - Server (Beta):RPG:1369 has been opened!
03/01/2018 15:51:26 - ComponentFactory - SUCCESS - Component PiRPGServer as been enabled!
03/01/2018 15:51:26 - PiBRServer - SUCCESS - Server (Beta BR):BattleRoyale:1370 has been opened!
03/01/2018 15:51:26 - ComponentFactory - SUCCESS - Component PiBRServer as been enabled!
03/01/2018 15:51:26 - PiBRServer - SUCCESS - Server (Beta BR 2):BattleRoyale:1371 has been opened!
03/01/2018 15:51:26 - ComponentFactory - SUCCESS - Component PiBRServer as been enabled!
03/01/2018 15:51:26 - PiRPGServer - SUCCESS - Server (teste):RPG:123 has been opened!
03/01/2018 15:51:26 - ComponentFactory - SUCCESS - Component PiRPGServer as been enabled!
03/01/2018 15:51:28 - Bootstraper - SUCCESS - css => css
03/01/2018 15:51:28 - Bootstraper - SUCCESS - js => js
03/01/2018 15:51:28 - Bootstraper - SUCCESS - template => template
03/01/2018 15:51:28 - Bootstraper - SUCCESS - vendor => vendor
03/01/2018 15:51:28 - Bootstraper - SUCCESS - vendor\bootstrap => vendor\bootstrap
03/01/2018 15:51:28 - Bootstraper - SUCCESS - vendor\bootstrap\css => vendor\bootstrap\css
03/01/2018 15:51:28 - Bootstraper - SUCCESS - vendor\bootstrap\js => vendor\bootstrap\js
03/01/2018 15:51:28 - Bootstraper - SUCCESS - vendor\chart.js => vendor\chart.js
03/01/2018 15:51:28 - Bootstraper - SUCCESS - vendor\datatables => vendor\datatables
03/01/2018 15:51:28 - Bootstraper - SUCCESS - vendor\font-awesome => vendor\font-awesome
03/01/2018 15:51:28 - Bootstraper - SUCCESS - vendor\font-awesome\css => vendor\font-awesome\css
03/01/2018 15:51:28 - Bootstraper - SUCCESS - vendor\font-awesome\fonts => vendor\font-awesome\fonts
03/01/2018 15:51:28 - Bootstraper - SUCCESS - vendor\font-awesome\less => vendor\font-awesome\less
03/01/2018 15:51:28 - Bootstraper - SUCCESS - vendor\font-awesome\scss => vendor\font-awesome\scss
03/01/2018 15:51:28 - Bootstraper - SUCCESS - vendor\jquery => vendor\jquery
03/01/2018 15:51:28 - Bootstraper - SUCCESS - vendor\jquery-cookie => vendor\jquery-cookie
03/01/2018 15:51:28 - Bootstraper - SUCCESS - vendor\jquery-easing => vendor\jquery-easing
03/01/2018 15:51:28 - RazorConfiguration - INFORMATION - Caching razor assemblies...
03/01/2018 15:51:28 - RazorConfiguration - INFORMATION - Caching razor namespaces...
03/01/2018 15:51:29 - RazorConfiguration - SUCCESS - Success! Cached 23 assemblies and 170 namespaces!
03/01/2018 15:51:33 - ComponentFactory - SUCCESS - Component WebServer as been enabled!
