03/01/2018 15:49:44 - CommandFactory - SUCCESS - Command 'help' has been loaded!
03/01/2018 15:49:44 - CommandFactory - SUCCESS - Command 'system' has been loaded!
03/01/2018 15:49:44 - CommandFactory - SUCCESS - Command 'teleport' has been loaded!
03/01/2018 15:49:44 - CommandFactory - SUCCESS - Command 'tospawn' has been loaded!
03/01/2018 15:49:44 - CommandFactory - SUCCESS - Command 'rtime' has been loaded!
03/01/2018 15:49:44 - CommandFactory - SUCCESS - Command 'rinfo' has been loaded!
03/01/2018 15:49:44 - CommandFactory - SUCCESS - Command 'settimeadd' has been loaded!
03/01/2018 15:49:44 - CommandFactory - SUCCESS - Command 'settime' has been loaded!
03/01/2018 15:49:44 - CommandFactory - SUCCESS - Command 'wlevel' has been loaded!
03/01/2018 15:49:44 - CommandFactory - SUCCESS - Command 'additem' has been loaded!
03/01/2018 15:49:44 - CommandFactory - SUCCESS - Command 'drop' has been loaded!
03/01/2018 15:49:44 - ServerControl - INFORMATION - Preparing drivers...
03/01/2018 15:49:44 - ServerControl - INFORMATION - Preparing driver AccessLevelDriver...
03/01/2018 15:49:45 - ServerControl - INFORMATION - Preparing driver AccountDriver...
03/01/2018 15:49:45 - ServerControl - INFORMATION - Preparing driver APIAccessDriver...
03/01/2018 15:49:45 - ServerControl - INFORMATION - Preparing driver ChannelDriver...
03/01/2018 15:49:45 - ServerControl - INFORMATION - Preparing driver CharacterDriver...
03/01/2018 15:49:46 - ServerControl - INFORMATION - Preparing driver CharacterItemDriver...
03/01/2018 15:49:46 - ServerControl - INFORMATION - Preparing driver CharacterPositionDriver...
03/01/2018 15:49:46 - ServerControl - INFORMATION - Preparing driver CharacterStyleDriver...
03/01/2018 15:49:46 - ServerControl - INFORMATION - Preparing driver DropDriver...
03/01/2018 15:49:46 - ServerControl - INFORMATION - Preparing driver ItemDriver...
03/01/2018 15:49:46 - ServerControl - INFORMATION - Preparing driver ItemTypeDriver...
03/01/2018 15:49:46 - ServerControl - INFORMATION - Preparing driver MapDriver...
03/01/2018 15:49:46 - ServerControl - INFORMATION - Preparing driver MapSpawnDriver...
03/01/2018 15:49:46 - ServerControl - INFORMATION - Preparing driver SpawnDriver...
03/01/2018 15:49:46 - ServerControl - INFORMATION - Preparing driver TreeDriver...
03/01/2018 15:49:46 - ComponentFactory - SUCCESS - Component ServerControl as been enabled!
03/01/2018 15:49:46 - ComponentFactory - SUCCESS - Component PiAuthServer as been enabled!
03/01/2018 15:49:46 - PiRPGServer - SUCCESS - Server (Beta):RPG:1369 has been opened!
03/01/2018 15:49:46 - ComponentFactory - SUCCESS - Component PiRPGServer as been enabled!
03/01/2018 15:49:47 - PiBRServer - SUCCESS - Server (Beta BR):BattleRoyale:1370 has been opened!
03/01/2018 15:49:47 - ComponentFactory - SUCCESS - Component PiBRServer as been enabled!
03/01/2018 15:49:47 - PiBRServer - SUCCESS - Server (Beta BR 2):BattleRoyale:1371 has been opened!
03/01/2018 15:49:47 - ComponentFactory - SUCCESS - Component PiBRServer as been enabled!
03/01/2018 15:49:47 - PiRPGServer - SUCCESS - Server (teste):RPG:123 has been opened!
03/01/2018 15:49:47 - ComponentFactory - SUCCESS - Component PiRPGServer as been enabled!
