17/01/2018 13:42:44 - CommandFactory - SUCCESS - Command 'help' has been loaded!
17/01/2018 13:42:44 - CommandFactory - SUCCESS - Command 'system' has been loaded!
17/01/2018 13:42:44 - CommandFactory - SUCCESS - Command 'teleport' has been loaded!
17/01/2018 13:42:44 - CommandFactory - SUCCESS - Command 'tospawn' has been loaded!
17/01/2018 13:42:44 - CommandFactory - SUCCESS - Command 'rtime' has been loaded!
17/01/2018 13:42:44 - CommandFactory - SUCCESS - Command 'rinfo' has been loaded!
17/01/2018 13:42:44 - CommandFactory - SUCCESS - Command 'settimeadd' has been loaded!
17/01/2018 13:42:44 - CommandFactory - SUCCESS - Command 'settime' has been loaded!
17/01/2018 13:42:44 - CommandFactory - SUCCESS - Command 'wlevel' has been loaded!
17/01/2018 13:42:44 - CommandFactory - SUCCESS - Command 'additem' has been loaded!
17/01/2018 13:42:45 - CommandFactory - SUCCESS - Command 'drop' has been loaded!
17/01/2018 13:42:46 - ServerControl - INFORMATION - Preparing drivers...
17/01/2018 13:42:46 - ServerControl - INFORMATION - Preparing driver AccessLevelDriver...
17/01/2018 13:42:49 - ServerControl - INFORMATION - Preparing driver AccountDriver...
17/01/2018 13:42:49 - ServerControl - INFORMATION - Preparing driver APIAccessDriver...
17/01/2018 13:42:49 - ServerControl - INFORMATION - Preparing driver ChannelDriver...
17/01/2018 13:42:49 - ServerControl - INFORMATION - Preparing driver CharacterDriver...
17/01/2018 13:42:49 - ServerControl - INFORMATION - Preparing driver CharacterItemDriver...
17/01/2018 13:42:49 - ServerControl - INFORMATION - Preparing driver CharacterPositionDriver...
17/01/2018 13:42:50 - ServerControl - INFORMATION - Preparing driver CharacterStyleDriver...
17/01/2018 13:42:50 - ServerControl - INFORMATION - Preparing driver DropDriver...
17/01/2018 13:42:50 - ServerControl - INFORMATION - Preparing driver ItemDriver...
17/01/2018 13:42:50 - ServerControl - INFORMATION - Preparing driver ItemTypeDriver...
17/01/2018 13:42:50 - ServerControl - INFORMATION - Preparing driver MapDriver...
17/01/2018 13:42:50 - ServerControl - INFORMATION - Preparing driver MapSpawnDriver...
17/01/2018 13:42:50 - ServerControl - INFORMATION - Preparing driver SpawnDriver...
17/01/2018 13:42:50 - ServerControl - INFORMATION - Preparing driver TreeDriver...
17/01/2018 13:42:51 - ComponentFactory - SUCCESS - Component ServerControl as been enabled!
17/01/2018 13:42:51 - ComponentFactory - SUCCESS - Component PiAuthServer as been enabled!
17/01/2018 13:42:51 - PiRPGServer - SUCCESS - Server (Beta):RPG:1369 has been opened!
17/01/2018 13:42:51 - ComponentFactory - SUCCESS - Component PiRPGServer as been enabled!
17/01/2018 13:42:55 - Bootstraper - SUCCESS - css => css
17/01/2018 13:42:55 - Bootstraper - SUCCESS - js => js
17/01/2018 13:42:55 - Bootstraper - SUCCESS - template => template
17/01/2018 13:42:55 - Bootstraper - SUCCESS - vendor => vendor
17/01/2018 13:42:55 - Bootstraper - SUCCESS - vendor\bootstrap => vendor\bootstrap
17/01/2018 13:42:55 - Bootstraper - SUCCESS - vendor\bootstrap\css => vendor\bootstrap\css
17/01/2018 13:42:55 - Bootstraper - SUCCESS - vendor\bootstrap\js => vendor\bootstrap\js
17/01/2018 13:42:55 - Bootstraper - SUCCESS - vendor\chart.js => vendor\chart.js
17/01/2018 13:42:56 - Bootstraper - SUCCESS - vendor\datatables => vendor\datatables
17/01/2018 13:42:56 - Bootstraper - SUCCESS - vendor\font-awesome => vendor\font-awesome
17/01/2018 13:42:56 - Bootstraper - SUCCESS - vendor\font-awesome\css => vendor\font-awesome\css
17/01/2018 13:42:56 - Bootstraper - SUCCESS - vendor\font-awesome\fonts => vendor\font-awesome\fonts
17/01/2018 13:42:56 - Bootstraper - SUCCESS - vendor\font-awesome\less => vendor\font-awesome\less
17/01/2018 13:42:56 - Bootstraper - SUCCESS - vendor\font-awesome\scss => vendor\font-awesome\scss
17/01/2018 13:42:56 - Bootstraper - SUCCESS - vendor\jquery => vendor\jquery
17/01/2018 13:42:56 - Bootstraper - SUCCESS - vendor\jquery-cookie => vendor\jquery-cookie
17/01/2018 13:42:56 - Bootstraper - SUCCESS - vendor\jquery-easing => vendor\jquery-easing
17/01/2018 13:42:56 - RazorConfiguration - INFORMATION - Caching razor assemblies...
17/01/2018 13:42:56 - RazorConfiguration - INFORMATION - Caching razor namespaces...
17/01/2018 13:42:56 - RazorConfiguration - SUCCESS - Success! Cached 23 assemblies and 170 namespaces!
17/01/2018 13:42:58 - ComponentFactory - SUCCESS - Component WebServer as been enabled!
17/01/2018 13:49:16 - ComponentFactory - SUCCESS - Component PiRPGServer as been disabled!
17/01/2018 13:49:20 - PiRPGServer - SUCCESS - Server (Beta):RPG:1369 has been opened!
17/01/2018 13:49:21 - ComponentFactory - SUCCESS - Component PiRPGServer as been enabled!
17/01/2018 13:49:48 - PiBRServer - SUCCESS - Server (Teste BattleRoyale):BattleRoyale:9016 has been opened!
17/01/2018 13:49:48 - ComponentFactory - SUCCESS - Component PiBRServer as been enabled!
17/01/2018 13:49:51 - ComponentFactory - SUCCESS - Component PiBRServer as been disabled!
17/01/2018 13:49:54 - ComponentFactory - SUCCESS - Component PiRPGServer as been disabled!
17/01/2018 13:49:57 - PiBRServer - SUCCESS - Server (Teste BattleRoyale):BattleRoyale:9016 has been opened!
17/01/2018 13:49:58 - ComponentFactory - SUCCESS - Component PiBRServer as been enabled!
17/01/2018 13:49:58 - WebServer - FATAL - ProtocolViolationException: O código de status deve ter exatamente três dígitos.
   em System.Net.HttpListenerResponse.set_StatusCode(Int32 value)
   em Nancy.Hosting.Self.NancyHost.ConvertNancyResponseToResponse(Response nancyResponse, HttpListenerResponse response)
   em Nancy.Hosting.Self.NancyHost.Process(HttpListenerContext ctx)
