17/01/2018 13:41:16 - CommandFactory - SUCCESS - Command 'system' has been loaded!
17/01/2018 13:41:16 - CommandFactory - SUCCESS - Command 'teleport' has been loaded!
17/01/2018 13:41:16 - CommandFactory - SUCCESS - Command 'tospawn' has been loaded!
17/01/2018 13:41:16 - CommandFactory - SUCCESS - Command 'rtime' has been loaded!
17/01/2018 13:41:16 - CommandFactory - SUCCESS - Command 'rinfo' has been loaded!
17/01/2018 13:41:17 - CommandFactory - SUCCESS - Command 'settimeadd' has been loaded!
17/01/2018 13:41:17 - CommandFactory - SUCCESS - Command 'settime' has been loaded!
17/01/2018 13:41:17 - CommandFactory - SUCCESS - Command 'wlevel' has been loaded!
17/01/2018 13:41:17 - CommandFactory - SUCCESS - Command 'additem' has been loaded!
17/01/2018 13:41:17 - CommandFactory - SUCCESS - Command 'drop' has been loaded!
17/01/2018 13:41:20 - ServerControl - INFORMATION - Preparing drivers...
17/01/2018 13:41:20 - ServerControl - INFORMATION - Preparing driver AccessLevelDriver...
17/01/2018 13:41:33 - AccessLevelDriver - WARNING - Database piMMORPG not found, creating...
17/01/2018 13:41:34 - AccessLevelDriver - WARNING - Table accesslevels not found, creating...
17/01/2018 13:41:36 - ServerControl - INFORMATION - Preparing driver AccountDriver...
17/01/2018 13:41:36 - AccountDriver - WARNING - Table accounts not found, creating...
17/01/2018 13:41:37 - ServerControl - INFORMATION - Preparing driver APIAccessDriver...
17/01/2018 13:41:37 - APIAccessDriver - WARNING - Table api_access not found, creating...
17/01/2018 13:41:38 - ServerControl - INFORMATION - Preparing driver ChannelDriver...
17/01/2018 13:41:38 - ChannelDriver - WARNING - Table channels not found, creating...
17/01/2018 13:41:38 - ServerControl - INFORMATION - Preparing driver CharacterDriver...
17/01/2018 13:41:38 - CharacterDriver - WARNING - Table character not found, creating...
17/01/2018 13:41:39 - CharacterStyleDriver - WARNING - Table character_style not found, creating...
17/01/2018 13:41:39 - CharacterPositionDriver - WARNING - Table character_position not found, creating...
17/01/2018 13:41:40 - MapDriver - WARNING - Table map not found, creating...
17/01/2018 13:41:40 - MapSpawnDriver - WARNING - Table map_spawns not found, creating...
17/01/2018 13:41:41 - ServerControl - INFORMATION - Preparing driver CharacterItemDriver...
17/01/2018 13:41:41 - CharacterItemDriver - WARNING - Table character_items not found, creating...
17/01/2018 13:41:42 - ItemDriver - WARNING - Table items not found, creating...
17/01/2018 13:41:42 - ItemTypeDriver - WARNING - Table item_type not found, creating...
17/01/2018 13:41:43 - ServerControl - INFORMATION - Preparing driver CharacterPositionDriver...
17/01/2018 13:41:43 - ServerControl - INFORMATION - Preparing driver CharacterStyleDriver...
17/01/2018 13:41:43 - ServerControl - INFORMATION - Preparing driver DropDriver...
17/01/2018 13:41:43 - DropDriver - WARNING - Table drops not found, creating...
17/01/2018 13:41:44 - ServerControl - INFORMATION - Preparing driver ItemDriver...
17/01/2018 13:41:44 - ServerControl - INFORMATION - Preparing driver ItemTypeDriver...
17/01/2018 13:41:44 - ServerControl - INFORMATION - Preparing driver MapDriver...
17/01/2018 13:41:44 - ServerControl - INFORMATION - Preparing driver MapSpawnDriver...
17/01/2018 13:41:44 - ServerControl - INFORMATION - Preparing driver SpawnDriver...
17/01/2018 13:41:44 - SpawnDriver - WARNING - Table br_spawns not found, creating...
17/01/2018 13:41:44 - ServerControl - INFORMATION - Preparing driver TreeDriver...
17/01/2018 13:41:44 - TreeDriver - WARNING - Table trees not found, creating...
17/01/2018 13:41:44 - ComponentFactory - SUCCESS - Component ServerControl as been enabled!
17/01/2018 13:41:44 - ComponentFactory - SUCCESS - Component PiAuthServer as been enabled!
17/01/2018 13:41:44 - PiRPGServer - SUCCESS - Server (Beta):RPG:1369 has been opened!
17/01/2018 13:41:45 - ComponentFactory - SUCCESS - Component PiRPGServer as been enabled!
17/01/2018 13:41:49 - Bootstraper - SUCCESS - css => css
17/01/2018 13:41:50 - Bootstraper - SUCCESS - js => js
17/01/2018 13:41:50 - Bootstraper - SUCCESS - template => template
17/01/2018 13:41:50 - Bootstraper - SUCCESS - vendor => vendor
17/01/2018 13:41:50 - Bootstraper - SUCCESS - vendor\bootstrap => vendor\bootstrap
17/01/2018 13:41:50 - Bootstraper - SUCCESS - vendor\bootstrap\css => vendor\bootstrap\css
17/01/2018 13:41:51 - Bootstraper - SUCCESS - vendor\bootstrap\js => vendor\bootstrap\js
17/01/2018 13:41:51 - Bootstraper - SUCCESS - vendor\chart.js => vendor\chart.js
